<?xml version="1.0" encoding="UTF-8"?>
<!-- Generated by org.testng.reporters.JUnitReportReporter -->
<testsuite hostname="Salenium-01" failures="0" tests="3" name="com.orangeHRM.test.OrangeHRM_Login" time="26.497" errors="0" timestamp="2022-09-28T13:31:31 GMT-04:00" skipped="0">
  <testcase classname="com.orangeHRM.test.OrangeHRM_Login" name="VerifyLoginurlTest" time="11.355"/>
  <system-out/>
  <testcase classname="com.orangeHRM.test.OrangeHRM_Login" name="VerifyLogintextTest" time="11.440"/>
  <system-out/>
  <testcase classname="com.orangeHRM.test.OrangeHRM_Login" name="logoVerifyTest" time="3.702"/>
  <system-out/>
</testsuite> <!-- com.orangeHRM.test.OrangeHRM_Login -->
