<?xml version="1.0" encoding="UTF-8"?>
<!-- Generated by org.testng.reporters.JUnitReportReporter -->
<testsuite hostname="Salenium-01" failures="0" tests="3" name="com.orangeHRM.test.OrangeHRM_Login" time="29.930" errors="0" timestamp="2022-10-19T12:10:40 GMT-04:00" skipped="0">
  <testcase classname="com.orangeHRM.test.OrangeHRM_Login" name="VerifyLoginurlTest" time="14.275"/>
  <system-out/>
  <testcase classname="com.orangeHRM.test.OrangeHRM_Login" name="VerifyLogintextTest" time="11.837"/>
  <system-out/>
  <testcase classname="com.orangeHRM.test.OrangeHRM_Login" name="logoVerifyTest" time="3.818"/>
  <system-out/>
</testsuite> <!-- com.orangeHRM.test.OrangeHRM_Login -->
